DEPRECATION WARNING: devise :token_authenticatable is deprecated. Please check Devise 3.1 release notes for more information on how to upgrade. (called from <class:User> at /Users/administrator/rails/cfapp/app/models/user.rb:5)
DEPRECATION WARNING: devise :token_authenticatable is deprecated. Please check Devise 3.1 release notes for more information on how to upgrade. (called from <class:User> at /Users/administrator/rails/cfapp/app/models/user.rb:5)
DEPRECATION WARNING: devise :token_authenticatable is deprecated. Please check Devise 3.1 release notes for more information on how to upgrade. (called from <class:User> at /Users/administrator/rails/cfapp/app/models/user.rb:5)
DEPRECATION WARNING: devise :token_authenticatable is deprecated. Please check Devise 3.1 release notes for more information on how to upgrade. (called from <class:User> at /Users/administrator/rails/cfapp/app/models/user.rb:5)
DEPRECATION WARNING: devise :token_authenticatable is deprecated. Please check Devise 3.1 release notes for more information on how to upgrade. (called from <class:User> at /Users/administrator/rails/cfapp/app/models/user.rb:5)
DEPRECATION WARNING: devise :token_authenticatable is deprecated. Please check Devise 3.1 release notes for more information on how to upgrade. (called from <class:User> at /Users/administrator/rails/cfapp/app/models/user.rb:5)
DEPRECATION WARNING: devise :token_authenticatable is deprecated. Please check Devise 3.1 release notes for more information on how to upgrade. (called from <class:User> at /Users/administrator/rails/cfapp/app/models/user.rb:5)
  [1m[36m (3.7ms)[0m  [1mCREATE TABLE "answers" ("id" INTEGER PRIMARY KEY AUTOINCREMENT NOT NULL, "user_id" integer, "question_id" integer, "body" text, "created_at" datetime, "updated_at" datetime) [0m
  [1m[35m (5.1ms)[0m  CREATE INDEX "index_answers_on_question_id" ON "answers" ("question_id")
  [1m[36m (4.5ms)[0m  [1mCREATE INDEX "index_answers_on_user_id" ON "answers" ("user_id")[0m
  [1m[35m (4.1ms)[0m  CREATE TABLE "offerings" ("id" INTEGER PRIMARY KEY AUTOINCREMENT NOT NULL, "name" varchar(255), "offering_type_id" integer, "city_id" integer, "description" text, "location_id" integer, "starts_at" datetime, "ends_at" datetime, "max_enrollment" integer, "created_at" datetime, "updated_at" datetime, "deadline_at" datetime, "tuition_cost" integer, "deposit_cost" integer, "code" varchar(255)) 
  [1m[36m (4.1ms)[0m  [1mCREATE INDEX "index_offerings_on_city_id" ON "offerings" ("city_id")[0m
  [1m[35m (3.9ms)[0m  CREATE INDEX "index_offerings_on_code" ON "offerings" ("code")
  [1m[36m (4.0ms)[0m  [1mCREATE INDEX "index_offerings_on_deadline_at" ON "offerings" ("deadline_at")[0m
  [1m[35m (11.0ms)[0m  CREATE INDEX "index_offerings_on_location_id" ON "offerings" ("location_id")
  [1m[36m (10.3ms)[0m  [1mCREATE INDEX "index_offerings_on_offering_type_id" ON "offerings" ("offering_type_id")[0m
  [1m[35m (4.4ms)[0m  CREATE TABLE "question_set_questions" ("id" INTEGER PRIMARY KEY AUTOINCREMENT NOT NULL, "question_id" integer, "question_set_id" integer, "position" integer, "created_at" datetime, "updated_at" datetime) 
  [1m[36m (7.1ms)[0m  [1mCREATE INDEX "qqq_on_qid_and_qsid" ON "question_set_questions" ("question_id", "question_set_id")[0m
  [1m[35m (11.7ms)[0m  CREATE TABLE "question_sets" ("id" INTEGER PRIMARY KEY AUTOINCREMENT NOT NULL, "name" varchar(255), "created_at" datetime, "updated_at" datetime) 
  [1m[36m (7.9ms)[0m  [1mCREATE TABLE "questions" ("id" INTEGER PRIMARY KEY AUTOINCREMENT NOT NULL, "name" varchar(255), "body" text, "question_type_id" integer, "created_at" datetime, "updated_at" datetime, "description" text) [0m
  [1m[35m (7.6ms)[0m  CREATE INDEX "index_questions_on_question_type_id" ON "questions" ("question_type_id")
  [1m[36m (5.8ms)[0m  [1mCREATE TABLE "user_enrollments" ("id" INTEGER PRIMARY KEY AUTOINCREMENT NOT NULL, "user_id" integer, "offering_id" integer, "status" integer, "created_at" datetime, "updated_at" datetime) [0m
  [1m[35m (4.8ms)[0m  CREATE INDEX "index_user_enrollments_on_offering_id" ON "user_enrollments" ("offering_id")
  [1m[36m (3.9ms)[0m  [1mCREATE INDEX "index_user_enrollments_on_user_id_and_offering_id" ON "user_enrollments" ("user_id", "offering_id")[0m
  [1m[35m (10.7ms)[0m  CREATE INDEX "index_user_enrollments_on_user_id" ON "user_enrollments" ("user_id")
  [1m[36m (7.0ms)[0m  [1mCREATE TABLE "user_question_sets" ("id" INTEGER PRIMARY KEY AUTOINCREMENT NOT NULL, "user_id" integer, "question_set_id" integer, "created_at" datetime, "updated_at" datetime) [0m
  [1m[35m (4.2ms)[0m  CREATE INDEX "index_user_question_sets_on_question_set_id" ON "user_question_sets" ("question_set_id")
  [1m[36m (3.9ms)[0m  [1mCREATE INDEX "index_user_question_sets_on_user_id_and_question_set_id" ON "user_question_sets" ("user_id", "question_set_id")[0m
  [1m[35m (11.3ms)[0m  CREATE INDEX "index_user_question_sets_on_user_id" ON "user_question_sets" ("user_id")
  [1m[36m (5.9ms)[0m  [1mCREATE TABLE "users" ("id" INTEGER PRIMARY KEY AUTOINCREMENT NOT NULL, "first_name" varchar(255), "last_name" varchar(255), "email" varchar(255) DEFAULT '' NOT NULL, "encrypted_password" varchar(255) DEFAULT '' NOT NULL, "reset_password_token" varchar(255), "avatar_uid" varchar(255), "avatar_name" varchar(255), "reset_password_sent_at" datetime, "remember_created_at" datetime, "sign_in_count" integer DEFAULT 0 NOT NULL, "current_sign_in_at" datetime, "last_sign_in_at" datetime, "current_sign_in_ip" varchar(255), "last_sign_in_ip" varchar(255), "created_at" datetime, "updated_at" datetime, "authentication_token" varchar(255), "confirmation_token" varchar(255), "confirmed_at" datetime, "confirmation_sent_at" datetime, "unconfirmed_email" varchar(255), "email_validation_token" varchar(255), "country_code" varchar(2), "zip" varchar(255), "signup_finalized_at" datetime, "born_at" date, "city" varchar(255), "state" varchar(255), "address1" varchar(255), "cell_phone" varchar(255), "usa_epay_customer_id" integer) [0m
  [1m[35m (4.7ms)[0m  CREATE UNIQUE INDEX "index_users_on_authentication_token" ON "users" ("authentication_token")
  [1m[36m (4.9ms)[0m  [1mCREATE UNIQUE INDEX "index_users_on_confirmation_token" ON "users" ("confirmation_token")[0m
  [1m[35m (5.1ms)[0m  CREATE UNIQUE INDEX "index_users_on_email" ON "users" ("email")
  [1m[36m (5.7ms)[0m  [1mCREATE UNIQUE INDEX "index_users_on_reset_password_token" ON "users" ("reset_password_token")[0m
  [1m[35m (5.1ms)[0m  CREATE TABLE "schema_migrations" ("version" varchar(255) NOT NULL) 
  [1m[36m (5.1ms)[0m  [1mCREATE UNIQUE INDEX "unique_schema_migrations" ON "schema_migrations" ("version")[0m
  [1m[35m (0.2ms)[0m  SELECT version FROM "schema_migrations"
  [1m[36m (6.5ms)[0m  [1mINSERT INTO "schema_migrations" (version) VALUES ('20131009224438')[0m
  [1m[35m (7.1ms)[0m  INSERT INTO "schema_migrations" (version) VALUES ('20131008002104')
  [1m[36m (6.2ms)[0m  [1mINSERT INTO "schema_migrations" (version) VALUES ('20131008002504')[0m
  [1m[35m (5.8ms)[0m  INSERT INTO "schema_migrations" (version) VALUES ('20131008023630')
  [1m[36m (4.6ms)[0m  [1mINSERT INTO "schema_migrations" (version) VALUES ('20131008030607')[0m
  [1m[35m (5.8ms)[0m  INSERT INTO "schema_migrations" (version) VALUES ('20131008182718')
  [1m[36m (7.6ms)[0m  [1mINSERT INTO "schema_migrations" (version) VALUES ('20131009031549')[0m
  [1m[35m (5.3ms)[0m  INSERT INTO "schema_migrations" (version) VALUES ('20131009214729')
  [1m[36mActiveRecord::SchemaMigration Load (0.1ms)[0m  [1mSELECT "schema_migrations".* FROM "schema_migrations"[0m
DEPRECATION WARNING: devise :token_authenticatable is deprecated. Please check Devise 3.1 release notes for more information on how to upgrade. (called from <class:User> at /Users/administrator/rails/cfapp/app/models/user.rb:5)
  [1m[36mActiveRecord::SchemaMigration Load (0.1ms)[0m  [1mSELECT "schema_migrations".* FROM "schema_migrations"[0m
  [1m[35mActiveRecord::SchemaMigration Load (0.1ms)[0m  SELECT "schema_migrations".* FROM "schema_migrations"
DEPRECATION WARNING: devise :token_authenticatable is deprecated. Please check Devise 3.1 release notes for more information on how to upgrade. (called from <class:User> at /Users/administrator/rails/cfapp/app/models/user.rb:5)
DEPRECATION WARNING: devise :token_authenticatable is deprecated. Please check Devise 3.1 release notes for more information on how to upgrade. (called from <class:User> at /Users/administrator/rails/cfapp/app/models/user.rb:5)
DEPRECATION WARNING: devise :token_authenticatable is deprecated. Please check Devise 3.1 release notes for more information on how to upgrade. (called from <class:User> at /Users/administrator/rails/cfapp/app/models/user.rb:5)
DEPRECATION WARNING: devise :token_authenticatable is deprecated. Please check Devise 3.1 release notes for more information on how to upgrade. (called from <class:User> at /Users/administrator/rails/cfapp/app/models/user.rb:5)
DEPRECATION WARNING: devise :token_authenticatable is deprecated. Please check Devise 3.1 release notes for more information on how to upgrade. (called from <class:User> at /Users/administrator/rails/cfapp/app/models/user.rb:5)
DEPRECATION WARNING: devise :token_authenticatable is deprecated. Please check Devise 3.1 release notes for more information on how to upgrade. (called from <class:User> at /Users/administrator/rails/cfapp/app/models/user.rb:5)


Started GET "/questions/1/answers/1.json" for 127.0.0.1 at 2013-10-25 13:00:29 -0700
  [1m[36mActiveRecord::SchemaMigration Load (0.1ms)[0m  [1mSELECT "schema_migrations".* FROM "schema_migrations"[0m

ActiveRecord::PendingMigrationError - Migrations are pending; run 'rake db:migrate RAILS_ENV=development' to resolve this issue.:
  activerecord (4.0.0) lib/active_record/migration.rb:379:in `check_pending!'
  activerecord (4.0.0) lib/active_record/migration.rb:366:in `call'
  actionpack (4.0.0) lib/action_dispatch/middleware/callbacks.rb:29:in `block in call'
  activesupport (4.0.0) lib/active_support/callbacks.rb:373:in `_run__4560555475461022731__call__callbacks'
  activesupport (4.0.0) lib/active_support/callbacks.rb:80:in `run_callbacks'
  actionpack (4.0.0) lib/action_dispatch/middleware/callbacks.rb:27:in `call'
  actionpack (4.0.0) lib/action_dispatch/middleware/reloader.rb:64:in `call'
  actionpack (4.0.0) lib/action_dispatch/middleware/remote_ip.rb:76:in `call'
  better_errors (1.0.1) lib/better_errors/middleware.rb:84:in `protected_app_call'
  better_errors (1.0.1) lib/better_errors/middleware.rb:79:in `better_errors_call'
  better_errors (1.0.1) lib/better_errors/middleware.rb:56:in `call'
  actionpack (4.0.0) lib/action_dispatch/middleware/debug_exceptions.rb:17:in `call'
  actionpack (4.0.0) lib/action_dispatch/middleware/show_exceptions.rb:30:in `call'
  railties (4.0.0) lib/rails/rack/logger.rb:38:in `call_app'
  railties (4.0.0) lib/rails/rack/logger.rb:21:in `block in call'
  activesupport (4.0.0) lib/active_support/tagged_logging.rb:67:in `block in tagged'
  activesupport (4.0.0) lib/active_support/tagged_logging.rb:25:in `tagged'
  activesupport (4.0.0) lib/active_support/tagged_logging.rb:67:in `tagged'
  railties (4.0.0) lib/rails/rack/logger.rb:21:in `call'
  actionpack (4.0.0) lib/action_dispatch/middleware/request_id.rb:21:in `call'
  rack (1.5.2) lib/rack/methodoverride.rb:21:in `call'
  rack (1.5.2) lib/rack/runtime.rb:17:in `call'
  activesupport (4.0.0) lib/active_support/cache/strategy/local_cache.rb:83:in `call'
  rack (1.5.2) lib/rack/lock.rb:17:in `call'
  actionpack (4.0.0) lib/action_dispatch/middleware/static.rb:64:in `call'
  railties (4.0.0) lib/rails/engine.rb:511:in `call'
  railties (4.0.0) lib/rails/application.rb:97:in `call'
  rack (1.5.2) lib/rack/lock.rb:17:in `call'
  rack (1.5.2) lib/rack/content_length.rb:14:in `call'
  rack (1.5.2) lib/rack/handler/webrick.rb:60:in `service'
  /Users/administrator/.rvm/rubies/ruby-2.0.0-p247/lib/ruby/2.0.0/webrick/httpserver.rb:138:in `service'
  /Users/administrator/.rvm/rubies/ruby-2.0.0-p247/lib/ruby/2.0.0/webrick/httpserver.rb:94:in `run'
  /Users/administrator/.rvm/rubies/ruby-2.0.0-p247/lib/ruby/2.0.0/webrick/server.rb:295:in `block in start_thread'



Started POST "/__better_errors/70259676382300/variables" for 127.0.0.1 at 2013-10-25 13:00:29 -0700
DEPRECATION WARNING: devise :token_authenticatable is deprecated. Please check Devise 3.1 release notes for more information on how to upgrade. (called from <class:User> at /Users/administrator/rails/cfapp/app/models/user.rb:5)
  [1m[36mActiveRecord::SchemaMigration Load (0.1ms)[0m  [1mSELECT "schema_migrations".* FROM "schema_migrations"[0m
Migrating to CreateAnswers (20131024013300)
  [1m[35m (0.1ms)[0m  begin transaction
  [1m[36mSQL (0.6ms)[0m  [1mINSERT INTO "schema_migrations" ("version") VALUES (?)[0m  [["version", "20131024013300"]]
  [1m[35m (4.3ms)[0m  commit transaction
Migrating to CreateQuestionSets (20131024013917)
  [1m[36m (0.1ms)[0m  [1mbegin transaction[0m
  [1m[35mSQL (0.7ms)[0m  INSERT INTO "schema_migrations" ("version") VALUES (?)  [["version", "20131024013917"]]
  [1m[36m (4.5ms)[0m  [1mcommit transaction[0m
Migrating to CreateUserEnrollments (20131024014527)
  [1m[35m (0.1ms)[0m  begin transaction
  [1m[36mSQL (0.4ms)[0m  [1mINSERT INTO "schema_migrations" ("version") VALUES (?)[0m  [["version", "20131024014527"]]
  [1m[35m (4.3ms)[0m  commit transaction
Migrating to CreateUserQuestionSets (20131024015031)
  [1m[36m (0.1ms)[0m  [1mbegin transaction[0m
  [1m[35mSQL (0.3ms)[0m  INSERT INTO "schema_migrations" ("version") VALUES (?)  [["version", "20131024015031"]]
  [1m[36m (3.8ms)[0m  [1mcommit transaction[0m
  [1m[35mActiveRecord::SchemaMigration Load (0.1ms)[0m  SELECT "schema_migrations".* FROM "schema_migrations"
DEPRECATION WARNING: devise :token_authenticatable is deprecated. Please check Devise 3.1 release notes for more information on how to upgrade. (called from <class:User> at /Users/administrator/rails/cfapp/app/models/user.rb:5)


Started GET "/questions/1/answers/1.json" for 127.0.0.1 at 2013-10-25 13:04:01 -0700
  [1m[36mActiveRecord::SchemaMigration Load (0.1ms)[0m  [1mSELECT "schema_migrations".* FROM "schema_migrations"[0m
Processing by AnswersController#show as JSON
  Parameters: {"question_id"=>"1", "id"=>"1"}
  [1m[35mAnswer Load (0.2ms)[0m  SELECT "answers".* FROM "answers" WHERE "answers"."id" = ? LIMIT 1  [["id", "1"]]
  Rendered answers/show.json.jbuilder (29.8ms)
Completed 200 OK in 107ms (Views: 52.4ms | ActiveRecord: 0.9ms)
DEPRECATION WARNING: devise :token_authenticatable is deprecated. Please check Devise 3.1 release notes for more information on how to upgrade. (called from <class:User> at /Users/administrator/rails/cfapp/app/models/user.rb:8)
DEPRECATION WARNING: devise :token_authenticatable is deprecated. Please check Devise 3.1 release notes for more information on how to upgrade. (called from <class:User> at /Users/administrator/rails/cfapp/app/models/user.rb:8)
  [1m[36mActiveRecord::SchemaMigration Load (13.1ms)[0m  [1mSELECT "schema_migrations".* FROM "schema_migrations"[0m
Migrating to AddColumnToOfferings (20131027004814)
  [1m[35m (0.1ms)[0m  begin transaction
  [1m[36m (0.9ms)[0m  [1mALTER TABLE "offerings" ADD "user_enrollment_id" integer[0m
  [1m[35m (1.0ms)[0m  CREATE INDEX "index_offerings_on_user_enrollment_id" ON "offerings" ("user_enrollment_id")
  [1m[36mSQL (2.0ms)[0m  [1mINSERT INTO "schema_migrations" ("version") VALUES (?)[0m  [["version", "20131027004814"]]
  [1m[35m (5.1ms)[0m  commit transaction
  [1m[36mActiveRecord::SchemaMigration Load (0.1ms)[0m  [1mSELECT "schema_migrations".* FROM "schema_migrations"[0m
DEPRECATION WARNING: devise :token_authenticatable is deprecated. Please check Devise 3.1 release notes for more information on how to upgrade. (called from <class:User> at /Users/administrator/rails/cfapp/app/models/user.rb:8)
DEPRECATION WARNING: devise :token_authenticatable is deprecated. Please check Devise 3.1 release notes for more information on how to upgrade. (called from <class:User> at /Users/administrator/rails/cfapp/app/models/user.rb:8)
  [1m[36mActiveRecord::SchemaMigration Load (0.1ms)[0m  [1mSELECT "schema_migrations".* FROM "schema_migrations"[0m
Migrating to AddColumnToUserQuestionSets (20131027010616)
  [1m[35m (0.1ms)[0m  begin transaction
  [1m[36m (0.6ms)[0m  [1mALTER TABLE "user_question_sets" ADD "user_enrollment_id" integer[0m
  [1m[35m (0.2ms)[0m  CREATE INDEX "index_user_question_sets_on_user_enrollment_id" ON "user_question_sets" ("user_enrollment_id")
  [1m[36mSQL (0.3ms)[0m  [1mINSERT INTO "schema_migrations" ("version") VALUES (?)[0m  [["version", "20131027010616"]]
  [1m[35m (42.8ms)[0m  commit transaction
  [1m[36mActiveRecord::SchemaMigration Load (0.1ms)[0m  [1mSELECT "schema_migrations".* FROM "schema_migrations"[0m
DEPRECATION WARNING: devise :token_authenticatable is deprecated. Please check Devise 3.1 release notes for more information on how to upgrade. (called from <class:User> at /Users/administrator/rails/cfapp/app/models/user.rb:8)
DEPRECATION WARNING: devise :token_authenticatable is deprecated. Please check Devise 3.1 release notes for more information on how to upgrade. (called from <class:User> at /Users/administrator/rails/cfapp/app/models/user.rb:8)
  [1m[36mActiveRecord::SchemaMigration Load (0.1ms)[0m  [1mSELECT "schema_migrations".* FROM "schema_migrations"[0m
Migrating to AddColumnToQuestions (20131027011902)
  [1m[35m (0.2ms)[0m  begin transaction
  [1m[36m (0.6ms)[0m  [1mALTER TABLE "questions" ADD "user_question_set_id" integer[0m
  [1m[35m (0.2ms)[0m  CREATE INDEX "index_questions_on_user_question_set_id" ON "questions" ("user_question_set_id")
  [1m[36mSQL (0.3ms)[0m  [1mINSERT INTO "schema_migrations" ("version") VALUES (?)[0m  [["version", "20131027011902"]]
  [1m[35m (47.1ms)[0m  commit transaction
  [1m[36mActiveRecord::SchemaMigration Load (0.1ms)[0m  [1mSELECT "schema_migrations".* FROM "schema_migrations"[0m
DEPRECATION WARNING: devise :token_authenticatable is deprecated. Please check Devise 3.1 release notes for more information on how to upgrade. (called from <class:User> at /Users/administrator/rails/cfapp/app/models/user.rb:8)
DEPRECATION WARNING: devise :token_authenticatable is deprecated. Please check Devise 3.1 release notes for more information on how to upgrade. (called from <class:User> at /Users/administrator/rails/cfapp/app/models/user.rb:8)
DEPRECATION WARNING: devise :token_authenticatable is deprecated. Please check Devise 3.1 release notes for more information on how to upgrade. (called from <class:User> at /Users/administrator/rails/cfapp/app/models/user.rb:8)
DEPRECATION WARNING: devise :token_authenticatable is deprecated. Please check Devise 3.1 release notes for more information on how to upgrade. (called from <class:User> at /Users/administrator/rails/cfapp/app/models/user.rb:8)
DEPRECATION WARNING: devise :token_authenticatable is deprecated. Please check Devise 3.1 release notes for more information on how to upgrade. (called from <class:User> at /Users/sean/iosproject/app/models/user.rb:8)
  [1m[36mActiveRecord::SchemaMigration Load (0.6ms)[0m  [1mSELECT "schema_migrations".* FROM "schema_migrations"[0m
DEPRECATION WARNING: devise :token_authenticatable is deprecated. Please check Devise 3.1 release notes for more information on how to upgrade. (called from <class:User> at /Users/sean/iosproject/app/models/user.rb:8)
DEPRECATION WARNING: devise :token_authenticatable is deprecated. Please check Devise 3.1 release notes for more information on how to upgrade. (called from <class:User> at /Users/sean/iosproject/app/models/user.rb:8)
  [1m[36mActiveRecord::SchemaMigration Load (0.7ms)[0m  [1mSELECT "schema_migrations".* FROM "schema_migrations"[0m
DEPRECATION WARNING: devise :token_authenticatable is deprecated. Please check Devise 3.1 release notes for more information on how to upgrade. (called from <class:User> at /Users/sean/iosproject/app/models/user.rb:8)


Started GET "/questions.json" for 127.0.0.1 at 2013-10-28 10:36:30 -0700
  [1m[36mActiveRecord::SchemaMigration Load (0.1ms)[0m  [1mSELECT "schema_migrations".* FROM "schema_migrations"[0m
Processing by QuestionsController#index as JSON
  [1m[35mQuestion Load (0.9ms)[0m  SELECT "questions".* FROM "questions"
  Rendered questions/index.json.jbuilder (31.2ms)
Completed 200 OK in 78ms (Views: 41.9ms | ActiveRecord: 1.3ms)


Started GET "/answers.json" for 127.0.0.1 at 2013-10-28 10:38:20 -0700

ActionController::RoutingError (No route matches [GET] "/answers.json"):
  actionpack (4.0.0) lib/action_dispatch/middleware/debug_exceptions.rb:21:in `call'
  actionpack (4.0.0) lib/action_dispatch/middleware/show_exceptions.rb:30:in `call'
  railties (4.0.0) lib/rails/rack/logger.rb:38:in `call_app'
  railties (4.0.0) lib/rails/rack/logger.rb:21:in `block in call'
  activesupport (4.0.0) lib/active_support/tagged_logging.rb:67:in `block in tagged'
  activesupport (4.0.0) lib/active_support/tagged_logging.rb:25:in `tagged'
  activesupport (4.0.0) lib/active_support/tagged_logging.rb:67:in `tagged'
  railties (4.0.0) lib/rails/rack/logger.rb:21:in `call'
  actionpack (4.0.0) lib/action_dispatch/middleware/request_id.rb:21:in `call'
  rack (1.5.2) lib/rack/methodoverride.rb:21:in `call'
  rack (1.5.2) lib/rack/runtime.rb:17:in `call'
  activesupport (4.0.0) lib/active_support/cache/strategy/local_cache.rb:83:in `call'
  rack (1.5.2) lib/rack/lock.rb:17:in `call'
  actionpack (4.0.0) lib/action_dispatch/middleware/static.rb:64:in `call'
  railties (4.0.0) lib/rails/engine.rb:511:in `call'
  railties (4.0.0) lib/rails/application.rb:97:in `call'
  rack (1.5.2) lib/rack/lock.rb:17:in `call'
  rack (1.5.2) lib/rack/content_length.rb:14:in `call'
  rack (1.5.2) lib/rack/handler/webrick.rb:60:in `service'
  /Users/sean/.rvm/rubies/ruby-2.0.0-p247/lib/ruby/2.0.0/webrick/httpserver.rb:138:in `service'
  /Users/sean/.rvm/rubies/ruby-2.0.0-p247/lib/ruby/2.0.0/webrick/httpserver.rb:94:in `run'
  /Users/sean/.rvm/rubies/ruby-2.0.0-p247/lib/ruby/2.0.0/webrick/server.rb:295:in `block in start_thread'


  Rendered /Users/sean/.rvm/gems/ruby-2.0.0-p247/gems/actionpack-4.0.0/lib/action_dispatch/middleware/templates/rescues/_trace.erb (1.4ms)
  Rendered /Users/sean/.rvm/gems/ruby-2.0.0-p247/gems/actionpack-4.0.0/lib/action_dispatch/middleware/templates/routes/_route.html.erb (6.0ms)
  Rendered /Users/sean/.rvm/gems/ruby-2.0.0-p247/gems/actionpack-4.0.0/lib/action_dispatch/middleware/templates/routes/_table.html.erb (7.5ms)
  Rendered /Users/sean/.rvm/gems/ruby-2.0.0-p247/gems/actionpack-4.0.0/lib/action_dispatch/middleware/templates/rescues/routing_error.erb within rescues/layout (65.5ms)


Started GET "/questions/answers.json" for 127.0.0.1 at 2013-10-28 10:38:39 -0700
Processing by QuestionsController#show as JSON
  Parameters: {"id"=>"answers"}
  [1m[36mQuestion Load (0.5ms)[0m  [1mSELECT "questions".* FROM "questions" WHERE "questions"."id" = ? LIMIT 1[0m  [["id", "answers"]]
Completed 404 Not Found in 4ms

ActiveRecord::RecordNotFound - Couldn't find Question with id=answers:
  activerecord (4.0.0) lib/active_record/relation/finder_methods.rb:198:in `raise_record_not_found_exception!'
  activerecord (4.0.0) lib/active_record/relation/finder_methods.rb:284:in `find_one'
  activerecord (4.0.0) lib/active_record/relation/finder_methods.rb:268:in `find_with_ids'
  activerecord (4.0.0) lib/active_record/relation/finder_methods.rb:35:in `find'
  activerecord-deprecated_finders (1.0.3) lib/active_record/deprecated_finders/relation.rb:122:in `find'
  activerecord (4.0.0) lib/active_record/querying.rb:3:in `find'
  app/controllers/questions_controller.rb:67:in `set_question'
  activesupport (4.0.0) lib/active_support/callbacks.rb:427:in `_run__2329230087797548881__process_action__callbacks'
  activesupport (4.0.0) lib/active_support/callbacks.rb:80:in `run_callbacks'
  actionpack (4.0.0) lib/abstract_controller/callbacks.rb:17:in `process_action'
  actionpack (4.0.0) lib/action_controller/metal/rescue.rb:29:in `process_action'
  actionpack (4.0.0) lib/action_controller/metal/instrumentation.rb:31:in `block in process_action'
  activesupport (4.0.0) lib/active_support/notifications.rb:159:in `block in instrument'
  activesupport (4.0.0) lib/active_support/notifications/instrumenter.rb:20:in `instrument'
  activesupport (4.0.0) lib/active_support/notifications.rb:159:in `instrument'
  actionpack (4.0.0) lib/action_controller/metal/instrumentation.rb:30:in `process_action'
  actionpack (4.0.0) lib/action_controller/metal/params_wrapper.rb:245:in `process_action'
  activerecord (4.0.0) lib/active_record/railties/controller_runtime.rb:18:in `process_action'
  actionpack (4.0.0) lib/abstract_controller/base.rb:136:in `process'
  actionpack (4.0.0) lib/abstract_controller/rendering.rb:44:in `process'
  actionpack (4.0.0) lib/action_controller/metal.rb:195:in `dispatch'
  actionpack (4.0.0) lib/action_controller/metal/rack_delegation.rb:13:in `dispatch'
  actionpack (4.0.0) lib/action_controller/metal.rb:231:in `block in action'
  actionpack (4.0.0) lib/action_dispatch/routing/route_set.rb:80:in `dispatch'
  actionpack (4.0.0) lib/action_dispatch/routing/route_set.rb:48:in `call'
  actionpack (4.0.0) lib/action_dispatch/journey/router.rb:71:in `block in call'
  actionpack (4.0.0) lib/action_dispatch/journey/router.rb:59:in `call'
  actionpack (4.0.0) lib/action_dispatch/routing/route_set.rb:655:in `call'
  warden (1.2.3) lib/warden/manager.rb:35:in `block in call'
  warden (1.2.3) lib/warden/manager.rb:34:in `call'
  rack (1.5.2) lib/rack/etag.rb:23:in `call'
  rack (1.5.2) lib/rack/conditionalget.rb:25:in `call'
  rack (1.5.2) lib/rack/head.rb:11:in `call'
  actionpack (4.0.0) lib/action_dispatch/middleware/params_parser.rb:27:in `call'
  actionpack (4.0.0) lib/action_dispatch/middleware/flash.rb:241:in `call'
  rack (1.5.2) lib/rack/session/abstract/id.rb:225:in `context'
  rack (1.5.2) lib/rack/session/abstract/id.rb:220:in `call'
  actionpack (4.0.0) lib/action_dispatch/middleware/cookies.rb:486:in `call'
  activerecord (4.0.0) lib/active_record/query_cache.rb:36:in `call'
  activerecord (4.0.0) lib/active_record/connection_adapters/abstract/connection_pool.rb:626:in `call'
  activerecord (4.0.0) lib/active_record/migration.rb:369:in `call'
  actionpack (4.0.0) lib/action_dispatch/middleware/callbacks.rb:29:in `block in call'
  activesupport (4.0.0) lib/active_support/callbacks.rb:373:in `_run__2773638380135870361__call__callbacks'
  activesupport (4.0.0) lib/active_support/callbacks.rb:80:in `run_callbacks'
  actionpack (4.0.0) lib/action_dispatch/middleware/callbacks.rb:27:in `call'
  actionpack (4.0.0) lib/action_dispatch/middleware/reloader.rb:64:in `call'
  actionpack (4.0.0) lib/action_dispatch/middleware/remote_ip.rb:76:in `call'
  better_errors (1.0.1) lib/better_errors/middleware.rb:84:in `protected_app_call'
  better_errors (1.0.1) lib/better_errors/middleware.rb:79:in `better_errors_call'
  better_errors (1.0.1) lib/better_errors/middleware.rb:56:in `call'
  actionpack (4.0.0) lib/action_dispatch/middleware/debug_exceptions.rb:17:in `call'
  actionpack (4.0.0) lib/action_dispatch/middleware/show_exceptions.rb:30:in `call'
  railties (4.0.0) lib/rails/rack/logger.rb:38:in `call_app'
  railties (4.0.0) lib/rails/rack/logger.rb:21:in `block in call'
  activesupport (4.0.0) lib/active_support/tagged_logging.rb:67:in `block in tagged'
  activesupport (4.0.0) lib/active_support/tagged_logging.rb:25:in `tagged'
  activesupport (4.0.0) lib/active_support/tagged_logging.rb:67:in `tagged'
  railties (4.0.0) lib/rails/rack/logger.rb:21:in `call'
  actionpack (4.0.0) lib/action_dispatch/middleware/request_id.rb:21:in `call'
  rack (1.5.2) lib/rack/methodoverride.rb:21:in `call'
  rack (1.5.2) lib/rack/runtime.rb:17:in `call'
  activesupport (4.0.0) lib/active_support/cache/strategy/local_cache.rb:83:in `call'
  rack (1.5.2) lib/rack/lock.rb:17:in `call'
  actionpack (4.0.0) lib/action_dispatch/middleware/static.rb:64:in `call'
  railties (4.0.0) lib/rails/engine.rb:511:in `call'
  railties (4.0.0) lib/rails/application.rb:97:in `call'
  rack (1.5.2) lib/rack/lock.rb:17:in `call'
  rack (1.5.2) lib/rack/content_length.rb:14:in `call'
  rack (1.5.2) lib/rack/handler/webrick.rb:60:in `service'
  /Users/sean/.rvm/rubies/ruby-2.0.0-p247/lib/ruby/2.0.0/webrick/httpserver.rb:138:in `service'
  /Users/sean/.rvm/rubies/ruby-2.0.0-p247/lib/ruby/2.0.0/webrick/httpserver.rb:94:in `run'
  /Users/sean/.rvm/rubies/ruby-2.0.0-p247/lib/ruby/2.0.0/webrick/server.rb:295:in `block in start_thread'



Started POST "/__better_errors/70184791249420/variables" for 127.0.0.1 at 2013-10-28 10:38:40 -0700


Started GET "/questions/1/answers.json" for 127.0.0.1 at 2013-10-28 10:39:09 -0700
Processing by AnswersController#index as JSON
  Parameters: {"question_id"=>"1"}
  [1m[35mAnswer Load (1.9ms)[0m  SELECT "answers".* FROM "answers"
  Rendered answers/index.json.jbuilder (110.0ms)
Completed 500 Internal Server Error in 140ms

NoMethodError - undefined method `answer_url' for #<#<Class:0x007faa55eea9d8>:0x007faa55ee9c18>:
  app/views/answers/index.json.jbuilder:3:in `block in _app_views_answers_index_json_jbuilder___1906884373948667619_70184781432100'
  jbuilder (1.5.2) lib/jbuilder.rb:315:in `block (2 levels) in _map_collection'
  jbuilder (1.5.2) lib/jbuilder.rb:322:in `_scope'
  jbuilder (1.5.2) lib/jbuilder.rb:315:in `block in _map_collection'
  activerecord (4.0.0) lib/active_record/relation/delegation.rb:13:in `map'
  jbuilder (1.5.2) lib/jbuilder.rb:314:in `_map_collection'
  jbuilder (1.5.2) lib/jbuilder.rb:228:in `array!'
  jbuilder (1.5.2) lib/jbuilder/jbuilder_template.rb:39:in `array!'
  app/views/answers/index.json.jbuilder:1:in `_app_views_answers_index_json_jbuilder___1906884373948667619_70184781432100'
  actionpack (4.0.0) lib/action_view/template.rb:143:in `block in render'
  activesupport (4.0.0) lib/active_support/notifications.rb:161:in `instrument'
  actionpack (4.0.0) lib/action_view/template.rb:141:in `render'
  actionpack (4.0.0) lib/action_view/renderer/template_renderer.rb:49:in `block (2 levels) in render_template'
  actionpack (4.0.0) lib/action_view/renderer/abstract_renderer.rb:38:in `block in instrument'
  activesupport (4.0.0) lib/active_support/notifications.rb:159:in `block in instrument'
  activesupport (4.0.0) lib/active_support/notifications/instrumenter.rb:20:in `instrument'
  activesupport (4.0.0) lib/active_support/notifications.rb:159:in `instrument'
  actionpack (4.0.0) lib/action_view/renderer/abstract_renderer.rb:38:in `instrument'
  actionpack (4.0.0) lib/action_view/renderer/template_renderer.rb:48:in `block in render_template'
  actionpack (4.0.0) lib/action_view/renderer/template_renderer.rb:56:in `render_with_layout'
  actionpack (4.0.0) lib/action_view/renderer/template_renderer.rb:47:in `render_template'
  actionpack (4.0.0) lib/action_view/renderer/template_renderer.rb:17:in `render'
  actionpack (4.0.0) lib/action_view/renderer/renderer.rb:42:in `render_template'
  actionpack (4.0.0) lib/action_view/renderer/renderer.rb:23:in `render'
  actionpack (4.0.0) lib/abstract_controller/rendering.rb:127:in `_render_template'
  actionpack (4.0.0) lib/action_controller/metal/streaming.rb:219:in `_render_template'
  actionpack (4.0.0) lib/abstract_controller/rendering.rb:120:in `render_to_body'
  actionpack (4.0.0) lib/action_controller/metal/rendering.rb:33:in `render_to_body'
  actionpack (4.0.0) lib/action_controller/metal/renderers.rb:26:in `render_to_body'
  actionpack (4.0.0) lib/abstract_controller/rendering.rb:97:in `render'
  actionpack (4.0.0) lib/action_controller/metal/rendering.rb:16:in `render'
  actionpack (4.0.0) lib/action_controller/metal/instrumentation.rb:41:in `block (2 levels) in render'
  activesupport (4.0.0) lib/active_support/core_ext/benchmark.rb:12:in `block in ms'
  /Users/sean/.rvm/rubies/ruby-2.0.0-p247/lib/ruby/2.0.0/benchmark.rb:296:in `realtime'
  activesupport (4.0.0) lib/active_support/core_ext/benchmark.rb:12:in `ms'
  actionpack (4.0.0) lib/action_controller/metal/instrumentation.rb:41:in `block in render'
  actionpack (4.0.0) lib/action_controller/metal/instrumentation.rb:84:in `cleanup_view_runtime'
  activerecord (4.0.0) lib/active_record/railties/controller_runtime.rb:25:in `cleanup_view_runtime'
  actionpack (4.0.0) lib/action_controller/metal/instrumentation.rb:40:in `render'
  actionpack (4.0.0) lib/action_controller/metal/implicit_render.rb:10:in `default_render'
  actionpack (4.0.0) lib/action_controller/metal/implicit_render.rb:5:in `send_action'
  actionpack (4.0.0) lib/abstract_controller/base.rb:189:in `process_action'
  actionpack (4.0.0) lib/action_controller/metal/rendering.rb:10:in `process_action'
  actionpack (4.0.0) lib/abstract_controller/callbacks.rb:18:in `block in process_action'
  activesupport (4.0.0) lib/active_support/callbacks.rb:433:in `_run__3550749234743444922__process_action__callbacks'
  activesupport (4.0.0) lib/active_support/callbacks.rb:80:in `run_callbacks'
  actionpack (4.0.0) lib/abstract_controller/callbacks.rb:17:in `process_action'
  actionpack (4.0.0) lib/action_controller/metal/rescue.rb:29:in `process_action'
  actionpack (4.0.0) lib/action_controller/metal/instrumentation.rb:31:in `block in process_action'
  activesupport (4.0.0) lib/active_support/notifications.rb:159:in `block in instrument'
  activesupport (4.0.0) lib/active_support/notifications/instrumenter.rb:20:in `instrument'
  activesupport (4.0.0) lib/active_support/notifications.rb:159:in `instrument'
  actionpack (4.0.0) lib/action_controller/metal/instrumentation.rb:30:in `process_action'
  actionpack (4.0.0) lib/action_controller/metal/params_wrapper.rb:245:in `process_action'
  activerecord (4.0.0) lib/active_record/railties/controller_runtime.rb:18:in `process_action'
  actionpack (4.0.0) lib/abstract_controller/base.rb:136:in `process'
  actionpack (4.0.0) lib/abstract_controller/rendering.rb:44:in `process'
  actionpack (4.0.0) lib/action_controller/metal.rb:195:in `dispatch'
  actionpack (4.0.0) lib/action_controller/metal/rack_delegation.rb:13:in `dispatch'
  actionpack (4.0.0) lib/action_controller/metal.rb:231:in `block in action'
  actionpack (4.0.0) lib/action_dispatch/routing/route_set.rb:80:in `dispatch'
  actionpack (4.0.0) lib/action_dispatch/routing/route_set.rb:48:in `call'
  actionpack (4.0.0) lib/action_dispatch/journey/router.rb:71:in `block in call'
  actionpack (4.0.0) lib/action_dispatch/journey/router.rb:59:in `call'
  actionpack (4.0.0) lib/action_dispatch/routing/route_set.rb:655:in `call'
  warden (1.2.3) lib/warden/manager.rb:35:in `block in call'
  warden (1.2.3) lib/warden/manager.rb:34:in `call'
  rack (1.5.2) lib/rack/etag.rb:23:in `call'
  rack (1.5.2) lib/rack/conditionalget.rb:25:in `call'
  rack (1.5.2) lib/rack/head.rb:11:in `call'
  actionpack (4.0.0) lib/action_dispatch/middleware/params_parser.rb:27:in `call'
  actionpack (4.0.0) lib/action_dispatch/middleware/flash.rb:241:in `call'
  rack (1.5.2) lib/rack/session/abstract/id.rb:225:in `context'
  rack (1.5.2) lib/rack/session/abstract/id.rb:220:in `call'
  actionpack (4.0.0) lib/action_dispatch/middleware/cookies.rb:486:in `call'
  activerecord (4.0.0) lib/active_record/query_cache.rb:36:in `call'
  activerecord (4.0.0) lib/active_record/connection_adapters/abstract/connection_pool.rb:626:in `call'
  activerecord (4.0.0) lib/active_record/migration.rb:369:in `call'
  actionpack (4.0.0) lib/action_dispatch/middleware/callbacks.rb:29:in `block in call'
  activesupport (4.0.0) lib/active_support/callbacks.rb:373:in `_run__2773638380135870361__call__callbacks'
  activesupport (4.0.0) lib/active_support/callbacks.rb:80:in `run_callbacks'
  actionpack (4.0.0) lib/action_dispatch/middleware/callbacks.rb:27:in `call'
  actionpack (4.0.0) lib/action_dispatch/middleware/reloader.rb:64:in `call'
  actionpack (4.0.0) lib/action_dispatch/middleware/remote_ip.rb:76:in `call'
  better_errors (1.0.1) lib/better_errors/middleware.rb:84:in `protected_app_call'
  better_errors (1.0.1) lib/better_errors/middleware.rb:79:in `better_errors_call'
  better_errors (1.0.1) lib/better_errors/middleware.rb:56:in `call'
  actionpack (4.0.0) lib/action_dispatch/middleware/debug_exceptions.rb:17:in `call'
  actionpack (4.0.0) lib/action_dispatch/middleware/show_exceptions.rb:30:in `call'
  railties (4.0.0) lib/rails/rack/logger.rb:38:in `call_app'
  railties (4.0.0) lib/rails/rack/logger.rb:21:in `block in call'
  activesupport (4.0.0) lib/active_support/tagged_logging.rb:67:in `block in tagged'
  activesupport (4.0.0) lib/active_support/tagged_logging.rb:25:in `tagged'
  activesupport (4.0.0) lib/active_support/tagged_logging.rb:67:in `tagged'
  railties (4.0.0) lib/rails/rack/logger.rb:21:in `call'
  actionpack (4.0.0) lib/action_dispatch/middleware/request_id.rb:21:in `call'
  rack (1.5.2) lib/rack/methodoverride.rb:21:in `call'
  rack (1.5.2) lib/rack/runtime.rb:17:in `call'
  activesupport (4.0.0) lib/active_support/cache/strategy/local_cache.rb:83:in `call'
  rack (1.5.2) lib/rack/lock.rb:17:in `call'
  actionpack (4.0.0) lib/action_dispatch/middleware/static.rb:64:in `call'
  railties (4.0.0) lib/rails/engine.rb:511:in `call'
  railties (4.0.0) lib/rails/application.rb:97:in `call'
  rack (1.5.2) lib/rack/lock.rb:17:in `call'
  rack (1.5.2) lib/rack/content_length.rb:14:in `call'
  rack (1.5.2) lib/rack/handler/webrick.rb:60:in `service'
  /Users/sean/.rvm/rubies/ruby-2.0.0-p247/lib/ruby/2.0.0/webrick/httpserver.rb:138:in `service'
  /Users/sean/.rvm/rubies/ruby-2.0.0-p247/lib/ruby/2.0.0/webrick/httpserver.rb:94:in `run'
  /Users/sean/.rvm/rubies/ruby-2.0.0-p247/lib/ruby/2.0.0/webrick/server.rb:295:in `block in start_thread'



Started POST "/__better_errors/70184780336760/variables" for 127.0.0.1 at 2013-10-28 10:39:10 -0700


Started GET "/questions/" for 127.0.0.1 at 2013-10-28 10:39:21 -0700
Processing by QuestionsController#index as HTML
  [1m[36mQuestion Load (0.2ms)[0m  [1mSELECT "questions".* FROM "questions"[0m
  Rendered questions/index.html.erb within layouts/application (6.0ms)
Completed 200 OK in 1825ms (Views: 1813.7ms | ActiveRecord: 0.2ms)


Started GET "/assets/admission_requests.css?body=1" for 127.0.0.1 at 2013-10-28 10:39:23 -0700


Started GET "/assets/answers.css?body=1" for 127.0.0.1 at 2013-10-28 10:39:23 -0700


Started GET "/assets/user_question_sets.css?body=1" for 127.0.0.1 at 2013-10-28 10:39:23 -0700


Started GET "/assets/offerings.css?body=1" for 127.0.0.1 at 2013-10-28 10:39:23 -0700


Started GET "/assets/turbolinks.js?body=1" for 127.0.0.1 at 2013-10-28 10:39:23 -0700


Started GET "/assets/questions.css?body=1" for 127.0.0.1 at 2013-10-28 10:39:23 -0700


Started GET "/assets/scaffolds.css?body=1" for 127.0.0.1 at 2013-10-28 10:39:23 -0700


Started GET "/assets/admission_requests.js?body=1" for 127.0.0.1 at 2013-10-28 10:39:23 -0700


Started GET "/assets/user_enrollments.css?body=1" for 127.0.0.1 at 2013-10-28 10:39:23 -0700


Started GET "/assets/application.css?body=1" for 127.0.0.1 at 2013-10-28 10:39:23 -0700


Started GET "/assets/answers.js?body=1" for 127.0.0.1 at 2013-10-28 10:39:23 -0700


Started GET "/assets/users.css?body=1" for 127.0.0.1 at 2013-10-28 10:39:23 -0700


Started GET "/assets/offerings.js?body=1" for 127.0.0.1 at 2013-10-28 10:39:23 -0700


Started GET "/assets/questions.js?body=1" for 127.0.0.1 at 2013-10-28 10:39:23 -0700


Started GET "/assets/user_enrollments.js?body=1" for 127.0.0.1 at 2013-10-28 10:39:23 -0700


Started GET "/assets/jquery_ujs.js?body=1" for 127.0.0.1 at 2013-10-28 10:39:23 -0700


Started GET "/assets/jquery.js?body=1" for 127.0.0.1 at 2013-10-28 10:39:23 -0700


Started GET "/assets/users.js?body=1" for 127.0.0.1 at 2013-10-28 10:39:23 -0700


Started GET "/assets/user_question_sets.js?body=1" for 127.0.0.1 at 2013-10-28 10:39:23 -0700


Started GET "/assets/application.js?body=1" for 127.0.0.1 at 2013-10-28 10:39:23 -0700


Started GET "/questions.json" for 127.0.0.1 at 2013-10-28 10:39:32 -0700
Processing by QuestionsController#index as JSON
  [1m[35mQuestion Load (0.4ms)[0m  SELECT "questions".* FROM "questions"
  Rendered questions/index.json.jbuilder (3.4ms)
Completed 200 OK in 9ms (Views: 6.5ms | ActiveRecord: 0.4ms)


Started GET "/questions" for 127.0.0.1 at 2013-10-28 10:42:32 -0700
Processing by QuestionsController#index as HTML
  [1m[36mQuestion Load (0.2ms)[0m  [1mSELECT "questions".* FROM "questions"[0m
  Rendered questions/index.html.erb within layouts/application (2.3ms)
Completed 200 OK in 17ms (Views: 15.0ms | ActiveRecord: 0.2ms)


Started GET "/questions/new" for 127.0.0.1 at 2013-10-28 10:42:50 -0700
Processing by QuestionsController#new as HTML
  Rendered questions/_form.html.erb (75.3ms)
  Rendered questions/new.html.erb within layouts/application (79.9ms)
Completed 200 OK in 96ms (Views: 94.3ms | ActiveRecord: 0.0ms)
